0 info it worked if it ends with ok
1 verbose cli [ 'C:\\Program Files\\nodejs\\node.exe',
1 verbose cli   'C:\\Program Files\\nodejs\\node_modules\\npm\\bin\\npm-cli.js',
1 verbose cli   'start' ]
2 info using npm@3.5.3
3 info using node@v4.2.3
4 verbose run-script [ 'prestart', 'start', 'poststart' ]
5 info lifecycle dynaform@1.0.0~prestart: dynaform@1.0.0
6 silly lifecycle dynaform@1.0.0~prestart: no script for prestart, continuing
7 info lifecycle dynaform@1.0.0~start: dynaform@1.0.0
8 verbose lifecycle dynaform@1.0.0~start: unsafe-perm in lifecycle true
9 verbose lifecycle dynaform@1.0.0~start: PATH: C:\Program Files\nodejs\node_modules\npm\bin\node-gyp-bin;C:\Users\jairo\projects\dynaform\node_modules\.bin;C:\Users\jairo\bin;C:\Users\jairo\bin;C:\Program Files\Git\mingw64\bin;C:\Program Files\Git\usr\local\bin;C:\Program Files\Git\usr\bin;C:\Program Files\Git\usr\bin;C:\Program Files\Git\mingw64\bin;C:\Program Files\Git\usr\bin;C:\Users\jairo\bin;C:\ProgramData\Oracle\Java\javapath;C:\WINDOWS\system32;C:\WINDOWS;C:\WINDOWS\System32\Wbem;C:\WINDOWS\System32\WindowsPowerShell\v1.0;C:\Program Files (x86)\NVIDIA Corporation\PhysX\Common;C:\Program Files\Sublime Text 3;C:\Python27;C:\Ruby22-x64\bin;C:\WINDOWS\system32;C:\WINDOWS;C:\WINDOWS\System32\Wbem;C:\WINDOWS\System32\WindowsPowerShell\v1.0;C:\Program Files (x86)\Heroku\bin;C:\Program Files (x86)\git\cmd;C:\Program Files\nodejs;C:\Program Files (x86)\Fuse;C:\WINDOWS\system32\config\systemprofile\.dnx\bin;C:\Program Files\Microsoft DNX\Dnvm;C:\Program Files\Microsoft SQL Server\130\Tools\Binn;C:\Oracle\instantclient;C:\Program Files (x86)\Microsoft Visual Studio 14.0\VC\bin;C:\Program Files (x86)\Microsoft Visual Studio 14.0\VC\include;C:\Program Files (x86)\Windows Kits\8.1\Windows Performance Toolkit;C:\Users\jairo\bin;C:\Program Files (x86)\Google\Chrome\Application;C:\Users\jairo\bin\lighttable-0.8.0-alpha-windows;C:\Users\jairo\bin\emacs-22.3\bin;C:\Users\jairo\bin\phantomjs\bin;C:\Program Files\Java\jdk1.8.0_65\bin;C:\Users\jairo\AppData\Local\atom\bin;C:\Users\jairo\bin\apache-maven-3.3.9\bin;C:\Users\jairo\AppData\Roaming\npm;C:\Program Files\Git\usr\bin\vendor_perl;C:\Program Files\Git\usr\bin\core_perl;C:\Users\jairo\AppData\Local\Android\sdk\tools;C:\Users\jairo\AppData\Local\Android\sdk\platform-tools
10 verbose lifecycle dynaform@1.0.0~start: CWD: C:\Users\jairo\projects\dynaform
11 silly lifecycle dynaform@1.0.0~start: Args: [ '/d /s /c', 'node src/server/index.js' ]
12 silly lifecycle dynaform@1.0.0~start: Returned: code: 1  signal: null
13 info lifecycle dynaform@1.0.0~start: Failed to exec start script
14 verbose stack Error: dynaform@1.0.0 start: `node src/server/index.js`
14 verbose stack Exit status 1
14 verbose stack     at EventEmitter.<anonymous> (C:\Program Files\nodejs\node_modules\npm\lib\utils\lifecycle.js:232:16)
14 verbose stack     at emitTwo (events.js:87:13)
14 verbose stack     at EventEmitter.emit (events.js:172:7)
14 verbose stack     at ChildProcess.<anonymous> (C:\Program Files\nodejs\node_modules\npm\lib\utils\spawn.js:24:14)
14 verbose stack     at emitTwo (events.js:87:13)
14 verbose stack     at ChildProcess.emit (events.js:172:7)
14 verbose stack     at maybeClose (internal/child_process.js:818:16)
14 verbose stack     at Process.ChildProcess._handle.onexit (internal/child_process.js:211:5)
15 verbose pkgid dynaform@1.0.0
16 verbose cwd C:\Users\jairo\projects\dynaform
17 error Windows_NT 10.0.10586
18 error argv "C:\\Program Files\\nodejs\\node.exe" "C:\\Program Files\\nodejs\\node_modules\\npm\\bin\\npm-cli.js" "start"
19 error node v4.2.3
20 error npm  v3.5.3
21 error code ELIFECYCLE
22 error dynaform@1.0.0 start: `node src/server/index.js`
22 error Exit status 1
23 error Failed at the dynaform@1.0.0 start script 'node src/server/index.js'.
23 error Make sure you have the latest version of node.js and npm installed.
23 error If you do, this is most likely a problem with the dynaform package,
23 error not with npm itself.
23 error Tell the author that this fails on your system:
23 error     node src/server/index.js
23 error You can get information on how to open an issue for this project with:
23 error     npm bugs dynaform
23 error Or if that isn't available, you can get their info via:
23 error     npm owner ls dynaform
23 error There is likely additional logging output above.
24 verbose exit [ 1, true ]
